<?xml version="1.0" encoding="UTF-8"?>
<!-- Generated by org.testng.reporters.JUnitXMLReporter -->
<testsuite hostname="User-PC" name="RegSet1" tests="7" failures="0" timestamp="1 Nov 2015 07:26:59 GMT" time="80.89" errors="0">
  <testcase name="testLogin" time="15.416" classname="Scenario_Component.Scenario_Login"/>
  <testcase name="testLogin" time="12.237" classname="Scenario_Component.Scenario_Login"/>
  <testcase name="testLogin" time="11.717" classname="Scenario_Component.Scenario_Login"/>
  <testcase name="testLogin" time="9.983" classname="Scenario_Component.Scenario_Login"/>
  <testcase name="testLogin" time="11.265" classname="Scenario_Component.Scenario_Login"/>
  <testcase name="testLogin" time="9.592" classname="Scenario_Component.Scenario_Login"/>
  <testcase name="testInvalidSearch" time="9.449" classname="Scenario_Component.Scenario_Search"/>
</testsuite> <!-- RegSet1 -->
